<?xml version="1.0" encoding="UTF-8"?>
<testng-results skipped="0" failed="0" ignored="0" total="1" passed="1">
  <reporter-output>
  </reporter-output>
  <suite name="Suite" duration-ms="102" started-at="2021-07-16T12:21:38Z" finished-at="2021-07-16T12:21:38Z">
    <groups>
    </groups>
    <test name="Test" duration-ms="102" started-at="2021-07-16T12:21:38Z" finished-at="2021-07-16T12:21:38Z">
      <class name="com.test.scripts.fetchWords">
        <test-method status="PASS" signature="FindAllDictWords()[pri:0, instance:com.test.scripts.fetchWords@3bbc39f8]" name="FindAllDictWords" duration-ms="86" started-at="2021-07-16T12:21:38Z" finished-at="2021-07-16T12:21:38Z">
          <reporter-output>
          </reporter-output>
        </test-method> <!-- FindAllDictWords -->
      </class> <!-- com.test.scripts.fetchWords -->
    </test> <!-- Test -->
  </suite> <!-- Suite -->
</testng-results>
