<?xml version="1.0" encoding="UTF-8"?>
<testng-results skipped="0" failed="0" ignored="0" total="1" passed="1">
  <reporter-output>
  </reporter-output>
  <suite name="Suite" duration-ms="130" started-at="2021-07-16T17:50:45 IST" finished-at="2021-07-16T17:50:45 IST">
    <groups>
    </groups>
    <test name="Test" duration-ms="130" started-at="2021-07-16T17:50:45 IST" finished-at="2021-07-16T17:50:45 IST">
      <class name="com.test.scripts.fetchWords">
        <test-method status="PASS" signature="FindAllDictWords()[pri:0, instance:com.test.scripts.fetchWords@5bc79255]" name="FindAllDictWords" duration-ms="104" started-at="2021-07-16T17:50:45 IST" finished-at="2021-07-16T17:50:45 IST">
          <reporter-output>
          </reporter-output>
        </test-method> <!-- FindAllDictWords -->
      </class> <!-- com.test.scripts.fetchWords -->
    </test> <!-- Test -->
  </suite> <!-- Suite -->
</testng-results>
